<?xml version="1.0" encoding="UTF-8"?>
<testsuite name="com.project.shoppingcart.ewallet.WalletTest" tests="1" skipped="0" failures="0" errors="0" timestamp="2023-03-01T15:23:54" hostname="LAPTOP-CLGBP6P7" time="0.013">
  <properties/>
  <testcase name="userShouldBeAbleToCreateWallet" classname="com.project.shoppingcart.ewallet.WalletTest" time="0.013"/>
  <system-out><![CDATA[]]></system-out>
  <system-err><![CDATA[]]></system-err>
</testsuite>
