<?xml version="1.0" encoding="UTF-8"?>
<testsuite name="com.project.shoppingcart.BillTest" tests="1" skipped="0" failures="0" errors="0" timestamp="2023-03-01T18:00:41" hostname="LAPTOP-CLGBP6P7" time="0.014">
  <properties/>
  <testcase name="calculateTotalItemsWilComeWithOffersOnItems" classname="com.project.shoppingcart.BillTest" time="0.014"/>
  <system-out><![CDATA[]]></system-out>
  <system-err><![CDATA[]]></system-err>
</testsuite>
